<?xml version="1.0" encoding="UTF-8"?>
<!-- Generated by org.testng.reporters.JUnitReportReporter -->
<testsuite hostname="POOLW42SLPC7784" failures="0" tests="2" name="TestCase.post" time="3.507" errors="0" timestamp="2022-12-09T17:26:59 IST" skipped="0">
  <testcase classname="TestCase.post" name="loginuser" time="3.104"/>
  <system-out/>
  <testcase classname="TestCase.post" name="login_invalid" time="0.403"/>
  <system-out/>
</testsuite> <!-- TestCase.post -->
