<?xml version="1.0" encoding="UTF-8"?>
<!-- Generated by org.testng.reporters.JUnitReportReporter -->
<testsuite hostname="POOLW42SLPC7784" failures="0" tests="1" name="TestCase.api_Testcase" time="1.407" errors="0" timestamp="2022-11-27T22:35:04 PST" skipped="0">
  <testcase classname="TestCase.api_Testcase" name="getBanner" time="1.407"/>
  <system-out/>
</testsuite> <!-- TestCase.api_Testcase -->
