<?xml version="1.0" encoding="UTF-8"?>
<!-- Generated by org.testng.reporters.JUnitReportReporter -->
<testsuite hostname="POOLW42SLPC7784" failures="0" tests="2" name="TestCase.Get" time="2.250" errors="0" timestamp="2022-12-09T17:25:43 IST" skipped="0">
  <testcase classname="TestCase.Get" name="GeneralSetting" time="1.745"/>
  <system-out/>
  <testcase classname="TestCase.Get" name="ProfileDetails" time="0.505"/>
  <system-out/>
</testsuite> <!-- TestCase.Get -->
